C:\USERS\DAVID CUTHBERT\DOWNLOADS\SIMPLECPP\SIMPLECPP\DEBUG\1.OBJ
C:\USERS\DAVID CUTHBERT\DOWNLOADS\SIMPLECPP\SIMPLECPP\DEBUG\2.OBJ
C:\Users\David Cuthbert\Downloads\simpleCpp\simpleCpp\Debug\cl.command.1.tlog
C:\Users\David Cuthbert\Downloads\simpleCpp\simpleCpp\Debug\CL.read.1.tlog
C:\Users\David Cuthbert\Downloads\simpleCpp\simpleCpp\Debug\CL.write.1.tlog
C:\Users\David Cuthbert\Downloads\simpleCpp\simpleCpp\Debug\link.command.1.tlog
C:\Users\David Cuthbert\Downloads\simpleCpp\simpleCpp\Debug\link.read.1.tlog
C:\Users\David Cuthbert\Downloads\simpleCpp\simpleCpp\Debug\link.write.1.tlog
C:\Users\David Cuthbert\Downloads\simpleCpp\simpleCpp\Debug\rc.command.1.tlog
C:\Users\David Cuthbert\Downloads\simpleCpp\simpleCpp\Debug\rc.read.1.tlog
C:\Users\David Cuthbert\Downloads\simpleCpp\simpleCpp\Debug\rc.write.1.tlog
C:\USERS\DAVID CUTHBERT\DOWNLOADS\SIMPLECPP\SIMPLECPP\DEBUG\SIMPLECPP.OBJ
C:\Users\David Cuthbert\Downloads\simpleCpp\simpleCpp\Debug\simpleCppVS2010.exe.embed.manifest
C:\USERS\DAVID CUTHBERT\DOWNLOADS\SIMPLECPP\SIMPLECPP\DEBUG\SIMPLECPPVS2010.EXE.EMBED.MANIFEST.RES
C:\Users\David Cuthbert\Downloads\simpleCpp\simpleCpp\Debug\simpleCppVS2010.vcxprojResolveAssemblyReference.cache
C:\Users\David Cuthbert\Downloads\simpleCpp\simpleCpp\Debug\simpleCppVS2010.write.1.tlog
C:\Users\David Cuthbert\Downloads\simpleCpp\simpleCpp\Debug\simpleCppVS2010_manifest.rc
C:\USERS\DAVID CUTHBERT\DOWNLOADS\SIMPLECPP\SIMPLECPP\DEBUG\SOURCE2.OBJ
C:\USERS\DAVID CUTHBERT\DOWNLOADS\SIMPLECPP\SIMPLECPP\DEBUG\STDAFX.OBJ
C:\Users\David Cuthbert\Downloads\simpleCpp\simpleCpp\Debug\vc100.idb
C:\USERS\DAVID CUTHBERT\DOWNLOADS\SIMPLECPP\SIMPLECPP\DEBUG\VC100.PDB
