C:\USERS\DAVID CUTHBERT\DOWNLOADS\SIMPLECPP\SIMPLECPP\SIMPLECPP\DEBUG\SIMPLECPP.PCH
C:\USERS\DAVID CUTHBERT\DOWNLOADS\SIMPLECPP\SIMPLECPP\SIMPLECPP\DEBUG\STDAFX.OBJ
C:\USERS\DAVID CUTHBERT\DOWNLOADS\SIMPLECPP\SIMPLECPP\SIMPLECPP\DEBUG\VC110.PDB
C:\USERS\DAVID CUTHBERT\DOWNLOADS\SIMPLECPP\SIMPLECPP\SIMPLECPP\DEBUG\1.OBJ
C:\USERS\DAVID CUTHBERT\DOWNLOADS\SIMPLECPP\SIMPLECPP\SIMPLECPP\DEBUG\2.OBJ
C:\USERS\DAVID CUTHBERT\DOWNLOADS\SIMPLECPP\SIMPLECPP\SIMPLECPP\DEBUG\SIMPLECPP.OBJ
C:\USERS\DAVID CUTHBERT\DOWNLOADS\SIMPLECPP\SIMPLECPP\SIMPLECPP\DEBUG\SOURCE2.OBJ
C:\USERS\DAVID CUTHBERT\DOWNLOADS\SIMPLECPP\SIMPLECPP\DEBUG\SIMPLECPP.ILK
C:\USERS\DAVID CUTHBERT\DOWNLOADS\SIMPLECPP\SIMPLECPP\DEBUG\SIMPLECPP.EXE
C:\USERS\DAVID CUTHBERT\DOWNLOADS\SIMPLECPP\SIMPLECPP\DEBUG\SIMPLECPP.PDB
C:\Users\David Cuthbert\Downloads\simpleCpp\simpleCpp\simpleCpp\Debug\1.obj
C:\Users\David Cuthbert\Downloads\simpleCpp\simpleCpp\simpleCpp\Debug\2.obj
C:\Users\David Cuthbert\Downloads\simpleCpp\simpleCpp\simpleCpp\Debug\simpleCpp.obj
C:\Users\David Cuthbert\Downloads\simpleCpp\simpleCpp\simpleCpp\Debug\Source2.obj
C:\Users\David Cuthbert\Downloads\simpleCpp\simpleCpp\simpleCpp\Debug\stdafx.obj
C:\Users\David Cuthbert\Downloads\simpleCpp\simpleCpp\simpleCpp\Debug\cl.command.1.tlog
C:\Users\David Cuthbert\Downloads\simpleCpp\simpleCpp\simpleCpp\Debug\CL.read.1.tlog
C:\Users\David Cuthbert\Downloads\simpleCpp\simpleCpp\simpleCpp\Debug\CL.write.1.tlog
C:\Users\David Cuthbert\Downloads\simpleCpp\simpleCpp\simpleCpp\Debug\link-cvtres.read.1.tlog
C:\Users\David Cuthbert\Downloads\simpleCpp\simpleCpp\simpleCpp\Debug\link-cvtres.write.1.tlog
C:\Users\David Cuthbert\Downloads\simpleCpp\simpleCpp\simpleCpp\Debug\link-rc.read.1.tlog
C:\Users\David Cuthbert\Downloads\simpleCpp\simpleCpp\simpleCpp\Debug\link-rc.write.1.tlog
C:\Users\David Cuthbert\Downloads\simpleCpp\simpleCpp\simpleCpp\Debug\link.command.1.tlog
C:\Users\David Cuthbert\Downloads\simpleCpp\simpleCpp\simpleCpp\Debug\link.read.1.tlog
C:\Users\David Cuthbert\Downloads\simpleCpp\simpleCpp\simpleCpp\Debug\link.write.1.tlog
C:\Users\David Cuthbert\Downloads\simpleCpp\simpleCpp\simpleCpp\Debug\simpleCpp.pch
C:\Users\David Cuthbert\Downloads\simpleCpp\simpleCpp\simpleCpp\Debug\vc110.idb
C:\Users\David Cuthbert\Downloads\simpleCpp\simpleCpp\simpleCpp\Debug\vc110.pdb
C:\Users\David Cuthbert\Downloads\simpleCpp\simpleCpp\Debug\simpleCpp.pdb
C:\Users\David Cuthbert\Downloads\simpleCpp\simpleCpp\Debug\simpleCpp.exe
C:\Users\David Cuthbert\Downloads\simpleCpp\simpleCpp\Debug\simpleCpp.ilk
