Build started 8/22/2014 4:43:21 PM.
Project "C:\Users\David Cuthbert\Downloads\simpleCpp\simpleCpp\simpleCpp\simpleCpp.vcxproj" on node 2 (Build target(s)).
ClCompile:
  C:\Program Files (x86)\Microsoft Visual Studio 11.0\VC\bin\CL.exe /c /I"C:\Users\David Cuthbert\Downloads\simpleCpp\simpleCpp" /ZI /nologo /W3 /WX- /sdl /Od /Oy- /D WIN32 /D _DEBUG /D _CONSOLE /D _UNICODE /D UNICODE /Gm /EHsc /RTC1 /MDd /GS /fp:precise /Zc:wchar_t /Zc:forScope /Yu"stdafx.h" /Fp"Debug\simpleCpp.pch" /Fo"Debug\\" /Fd"Debug\vc110.pdb" /Gd /TP /analyze- /errorReport:prompt yz\y.cpp yz\z.cpp
  z.cpp
  y.cpp
  Generating Code...
Link:
  C:\Program Files (x86)\Microsoft Visual Studio 11.0\VC\bin\link.exe /ERRORREPORT:PROMPT /OUT:"C:\Users\David Cuthbert\Downloads\simpleCpp\simpleCpp\Debug\simpleCpp.exe" /INCREMENTAL /NOLOGO kernel32.lib user32.lib gdi32.lib winspool.lib comdlg32.lib advapi32.lib shell32.lib ole32.lib oleaut32.lib uuid.lib odbc32.lib odbccp32.lib /MANIFEST /MANIFESTUAC:"level='asInvoker' uiAccess='false'" /manifest:embed /DEBUG /PDB:"C:\Users\David Cuthbert\Downloads\simpleCpp\simpleCpp\Debug\simpleCpp.pdb" /SUBSYSTEM:CONSOLE /TLBID:1 /DYNAMICBASE /NXCOMPAT /IMPLIB:"C:\Users\David Cuthbert\Downloads\simpleCpp\simpleCpp\Debug\simpleCpp.lib" /MACHINE:X86 Debug\1.obj
  Debug\2.obj
  Debug\simpleCpp.obj
  Debug\Source2.obj
  Debug\stdafx.obj
  Debug\x.obj
  Debug\z.obj
  Debug\y.obj
  Debug\1.obj
  Debug\2.obj
  Debug\simpleCpp.obj
  Debug\stdafx.obj
Debug\1.obj : warning LNK4042: object specified more than once; extras ignored
Debug\2.obj : warning LNK4042: object specified more than once; extras ignored
Debug\simpleCpp.obj : warning LNK4042: object specified more than once; extras ignored
Debug\stdafx.obj : warning LNK4042: object specified more than once; extras ignored
  simpleCpp.vcxproj -> C:\Users\David Cuthbert\Downloads\simpleCpp\simpleCpp\Debug\simpleCpp.exe
Done Building Project "C:\Users\David Cuthbert\Downloads\simpleCpp\simpleCpp\simpleCpp\simpleCpp.vcxproj" (Build target(s)).

Build succeeded.

Time Elapsed 00:00:01.65
