C:\USERS\DAVID CUTHBERT\DOWNLOADS\SIMPLECPP\SIMPLECPP\DEBUGTINYXML\TINYXML.BSC
C:\USERS\DAVID CUTHBERT\DOWNLOADS\SIMPLECPP\SIMPLECPP\DEBUGTINYXML\TINYXMLPARSER.SBR
C:\USERS\DAVID CUTHBERT\DOWNLOADS\SIMPLECPP\SIMPLECPP\DEBUGTINYXML\TINYXMLERROR.SBR
C:\USERS\DAVID CUTHBERT\DOWNLOADS\SIMPLECPP\SIMPLECPP\DEBUGTINYXML\TINYXML.SBR
C:\USERS\DAVID CUTHBERT\DOWNLOADS\SIMPLECPP\SIMPLECPP\DEBUGTINYXML\TINYSTR.SBR
C:\USERS\DAVID CUTHBERT\DOWNLOADS\SIMPLECPP\SIMPLECPP\DEBUGTINYXML\TINYSTR.OBJ
C:\USERS\DAVID CUTHBERT\DOWNLOADS\SIMPLECPP\SIMPLECPP\DEBUGTINYXML\TINYXML.OBJ
C:\USERS\DAVID CUTHBERT\DOWNLOADS\SIMPLECPP\SIMPLECPP\DEBUGTINYXML\TINYXMLERROR.OBJ
C:\USERS\DAVID CUTHBERT\DOWNLOADS\SIMPLECPP\SIMPLECPP\DEBUGTINYXML\TINYXMLPARSER.OBJ
C:\USERS\DAVID CUTHBERT\DOWNLOADS\SIMPLECPP\SIMPLECPP\DEBUGTINYXML\VC110.PDB
C:\USERS\DAVID CUTHBERT\DOWNLOADS\SIMPLECPP\SIMPLECPP\DEBUGTINYXML\TINYXML.LIB
C:\Users\David Cuthbert\Downloads\simpleCpp\simpleCpp\Debugtinyxml\tinystr.obj
C:\Users\David Cuthbert\Downloads\simpleCpp\simpleCpp\Debugtinyxml\tinyxml.obj
C:\Users\David Cuthbert\Downloads\simpleCpp\simpleCpp\Debugtinyxml\tinyxmlerror.obj
C:\Users\David Cuthbert\Downloads\simpleCpp\simpleCpp\Debugtinyxml\tinyxmlparser.obj
C:\Users\David Cuthbert\Downloads\simpleCpp\simpleCpp\Debugtinyxml\BscMake.command.1.tlog
C:\Users\David Cuthbert\Downloads\simpleCpp\simpleCpp\Debugtinyxml\bscmake.read.1.tlog
C:\Users\David Cuthbert\Downloads\simpleCpp\simpleCpp\Debugtinyxml\bscmake.write.1.tlog
C:\Users\David Cuthbert\Downloads\simpleCpp\simpleCpp\Debugtinyxml\cl.command.1.tlog
C:\Users\David Cuthbert\Downloads\simpleCpp\simpleCpp\Debugtinyxml\CL.read.1.tlog
C:\Users\David Cuthbert\Downloads\simpleCpp\simpleCpp\Debugtinyxml\CL.write.1.tlog
C:\Users\David Cuthbert\Downloads\simpleCpp\simpleCpp\Debugtinyxml\Lib-link.read.1.tlog
C:\Users\David Cuthbert\Downloads\simpleCpp\simpleCpp\Debugtinyxml\Lib-link.write.1.tlog
C:\Users\David Cuthbert\Downloads\simpleCpp\simpleCpp\Debugtinyxml\lib.command.1.tlog
C:\Users\David Cuthbert\Downloads\simpleCpp\simpleCpp\Debugtinyxml\vc110.idb
C:\Users\David Cuthbert\Downloads\simpleCpp\simpleCpp\Debugtinyxml\vc110.pdb
C:\Users\David Cuthbert\Downloads\simpleCpp\simpleCpp\Debugtinyxml\tinyxml.bsc
C:\Users\David Cuthbert\Downloads\simpleCpp\simpleCpp\Debugtinyxml\tinystr.sbr
C:\Users\David Cuthbert\Downloads\simpleCpp\simpleCpp\Debugtinyxml\tinyxml.sbr
C:\Users\David Cuthbert\Downloads\simpleCpp\simpleCpp\Debugtinyxml\tinyxmlerror.sbr
C:\Users\David Cuthbert\Downloads\simpleCpp\simpleCpp\Debugtinyxml\tinyxmlparser.sbr
C:\Users\David Cuthbert\Downloads\simpleCpp\simpleCpp\Debugtinyxml\tinyxml.lib
